<?xml version="1.0" encoding="UTF-8"?>
<testsuite name="com.gradle.tutorial.FizzbuzzProcessorTest" tests="4" skipped="0" failures="0" errors="0" timestamp="2020-12-08T18:28:50" hostname="KomputerJulki" time="0.037">
  <properties/>
  <testcase name="FizzBuzzThreeNumbers()" classname="com.gradle.tutorial.FizzbuzzProcessorTest" time="0.031"/>
  <testcase name="FizzBuzzFiveNumbers()" classname="com.gradle.tutorial.FizzbuzzProcessorTest" time="0.001"/>
  <testcase name="FizzBuzzNormalNumbers()" classname="com.gradle.tutorial.FizzbuzzProcessorTest" time="0.001"/>
  <testcase name="FizzBuzzThreeAndFiveNumbers()" classname="com.gradle.tutorial.FizzbuzzProcessorTest" time="0.0"/>
  <system-out><![CDATA[]]></system-out>
  <system-err><![CDATA[]]></system-err>
</testsuite>
